<?xml version="1.0" encoding="UTF-8"?>
<testng-results ignored="0" total="2" passed="2" failed="0" skipped="0">
  <reporter-output>
  </reporter-output>
  <suite started-at="2023-09-02T23:48:12 IST" name="Surefire suite" finished-at="2023-09-02T23:48:12 IST" duration-ms="80">
    <groups>
    </groups>
    <test started-at="2023-09-02T23:48:12 IST" name="Surefire test" finished-at="2023-09-02T23:48:12 IST" duration-ms="80">
      <class name="com.sdet.AppTest">
        <test-method signature="testlogin1()[pri:0, instance:com.sdet.AppTest@3b69e7d1]" started-at="2023-09-02T23:48:12 IST" name="testlogin1" finished-at="2023-09-02T23:48:12 IST" duration-ms="25" status="PASS">
          <reporter-output>
          </reporter-output>
        </test-method> <!-- testlogin1 -->
        <test-method signature="testlogin2()[pri:0, instance:com.sdet.AppTest@3b69e7d1]" started-at="2023-09-02T23:48:12 IST" name="testlogin2" finished-at="2023-09-02T23:48:12 IST" duration-ms="1" status="PASS">
          <reporter-output>
          </reporter-output>
        </test-method> <!-- testlogin2 -->
      </class> <!-- com.sdet.AppTest -->
    </test> <!-- Surefire test -->
  </suite> <!-- Surefire suite -->
</testng-results>
